Command:
find src tests -name "*.csproj" -exec grep -H "PackageReference" {} \;

Output:
src/LKvitai.MES.Projections/LKvitai.MES.Projections.csproj:    <PackageReference Include="Marten" Version="7.0.0" />
src/LKvitai.MES.Infrastructure/LKvitai.MES.Infrastructure.csproj:    <PackageReference Include="ClosedXML" Version="0.104.2" />
src/LKvitai.MES.Infrastructure/LKvitai.MES.Infrastructure.csproj:    <PackageReference Include="EFCore.BulkExtensions" Version="8.1.3" />
src/LKvitai.MES.Infrastructure/LKvitai.MES.Infrastructure.csproj:    <PackageReference Include="Marten" Version="7.0.0" />
src/LKvitai.MES.Infrastructure/LKvitai.MES.Infrastructure.csproj:    <PackageReference Include="Npgsql.EntityFrameworkCore.PostgreSQL" Version="8.0.11" />
src/LKvitai.MES.Infrastructure/LKvitai.MES.Infrastructure.csproj:    <PackageReference Include="Microsoft.EntityFrameworkCore" Version="8.0.13" />
src/LKvitai.MES.Infrastructure/LKvitai.MES.Infrastructure.csproj:    <PackageReference Include="Microsoft.EntityFrameworkCore.Design" Version="8.0.13" />
src/LKvitai.MES.Infrastructure/LKvitai.MES.Infrastructure.csproj:    <PackageReference Include="StackExchange.Redis" Version="2.8.24" />
src/LKvitai.MES.Infrastructure/LKvitai.MES.Infrastructure.csproj:    <PackageReference Include="Serilog" Version="3.1.1" />
src/LKvitai.MES.Infrastructure/LKvitai.MES.Infrastructure.csproj:    <PackageReference Include="Serilog.Sinks.Console" Version="5.0.1" />
src/LKvitai.MES.Infrastructure/LKvitai.MES.Infrastructure.csproj:    <PackageReference Include="Serilog.Sinks.File" Version="5.0.0" />
src/LKvitai.MES.Api/LKvitai.MES.Api.csproj:    <PackageReference Include="LaunchDarkly.ServerSdk" Version="8.11.1" />
src/LKvitai.MES.Api/LKvitai.MES.Api.csproj:    <PackageReference Include="MassTransit" Version="8.1.3" />
src/LKvitai.MES.Api/LKvitai.MES.Api.csproj:    <PackageReference Include="MassTransit.RabbitMQ" Version="8.1.3" />
src/LKvitai.MES.Api/LKvitai.MES.Api.csproj:    <PackageReference Include="Microsoft.ApplicationInsights.AspNetCore" Version="2.22.0" />
src/LKvitai.MES.Api/LKvitai.MES.Api.csproj:    <PackageReference Include="Polly.Contrib.Simmy" Version="0.3.0" />
src/LKvitai.MES.Api/LKvitai.MES.Api.csproj:    <PackageReference Include="Serilog.AspNetCore" Version="8.0.0" />
src/LKvitai.MES.Api/LKvitai.MES.Api.csproj:    <PackageReference Include="Serilog.Sinks.Console" Version="5.0.1" />
src/LKvitai.MES.Api/LKvitai.MES.Api.csproj:    <PackageReference Include="Serilog.Sinks.File" Version="5.0.0" />
src/LKvitai.MES.Api/LKvitai.MES.Api.csproj:    <PackageReference Include="OpenTelemetry.Exporter.Console" Version="1.7.0" />
src/LKvitai.MES.Api/LKvitai.MES.Api.csproj:    <PackageReference Include="OpenTelemetry.Exporter.Jaeger" Version="1.5.1" />
src/LKvitai.MES.Api/LKvitai.MES.Api.csproj:    <PackageReference Include="OpenTelemetry.Extensions.Hosting" Version="1.7.0" />
src/LKvitai.MES.Api/LKvitai.MES.Api.csproj:    <PackageReference Include="OpenTelemetry.Instrumentation.AspNetCore" Version="1.9.0" />
src/LKvitai.MES.Api/LKvitai.MES.Api.csproj:    <PackageReference Include="OpenTelemetry.Instrumentation.Http" Version="1.9.0" />
src/LKvitai.MES.Api/LKvitai.MES.Api.csproj:    <PackageReference Include="Swashbuckle.AspNetCore" Version="6.5.0" />
src/LKvitai.MES.Api/LKvitai.MES.Api.csproj:    <PackageReference Include="Hangfire.AspNetCore" Version="1.8.14" />
src/LKvitai.MES.Api/LKvitai.MES.Api.csproj:    <PackageReference Include="Hangfire.PostgreSql" Version="1.20.8" />
src/LKvitai.MES.Api/LKvitai.MES.Api.csproj:    <PackageReference Include="Hangfire.MemoryStorage" Version="1.8.1.2" />
src/LKvitai.MES.Api/LKvitai.MES.Api.csproj:    <PackageReference Include="Cronos" Version="0.8.0" />
src/LKvitai.MES.Api/LKvitai.MES.Api.csproj:    <PackageReference Include="CsvHelper" Version="33.0.1" />
src/LKvitai.MES.Api/LKvitai.MES.Api.csproj:    <PackageReference Include="SSH.NET" Version="2024.2.0" />
src/LKvitai.MES.Api/LKvitai.MES.Api.csproj:    <PackageReference Include="Polly" Version="8.2.1" />
src/LKvitai.MES.Api/LKvitai.MES.Api.csproj:    <PackageReference Include="Otp.NET" Version="1.4.0" />
src/LKvitai.MES.Api/LKvitai.MES.Api.csproj:    <PackageReference Include="QRCoder" Version="1.6.0" />
src/LKvitai.MES.Application/LKvitai.MES.Application.csproj:    <PackageReference Include="MediatR" Version="12.2.0" />
src/LKvitai.MES.Application/LKvitai.MES.Application.csproj:    <PackageReference Include="Marten" Version="7.0.0" />
src/LKvitai.MES.Application/LKvitai.MES.Application.csproj:    <PackageReference Include="FluentValidation" Version="11.9.0" />
src/LKvitai.MES.Application/LKvitai.MES.Application.csproj:    <PackageReference Include="FluentValidation.DependencyInjectionExtensions" Version="11.9.0" />
src/LKvitai.MES.Application/LKvitai.MES.Application.csproj:    <PackageReference Include="Microsoft.Extensions.Logging.Abstractions" Version="8.0.0" />
src/LKvitai.MES.SharedKernel/LKvitai.MES.SharedKernel.csproj:    <PackageReference Include="MediatR" Version="12.2.0" />
src/LKvitai.MES.Sagas/LKvitai.MES.Sagas.csproj:    <PackageReference Include="MassTransit" Version="8.1.3" />
src/LKvitai.MES.Sagas/LKvitai.MES.Sagas.csproj:    <PackageReference Include="MassTransit.Marten" Version="8.1.3" />
tests/ArchitectureTests/LKvitai.MES.ArchitectureTests/LKvitai.MES.ArchitectureTests.csproj:    <PackageReference Include="Microsoft.NET.Test.Sdk" Version="17.11.1" />
tests/ArchitectureTests/LKvitai.MES.ArchitectureTests/LKvitai.MES.ArchitectureTests.csproj:    <PackageReference Include="xunit" Version="2.9.2" />
tests/ArchitectureTests/LKvitai.MES.ArchitectureTests/LKvitai.MES.ArchitectureTests.csproj:    <PackageReference Include="xunit.runner.visualstudio" Version="2.8.2">
tests/ArchitectureTests/LKvitai.MES.ArchitectureTests/LKvitai.MES.ArchitectureTests.csproj:    </PackageReference>
tests/ArchitectureTests/LKvitai.MES.ArchitectureTests/LKvitai.MES.ArchitectureTests.csproj:    <PackageReference Include="NetArchTest.Rules" Version="1.3.2" />
tests/LKvitai.MES.Tests.E2E/LKvitai.MES.Tests.E2E.csproj:    <PackageReference Include="Microsoft.NET.Test.Sdk" Version="17.8.0" />
tests/LKvitai.MES.Tests.E2E/LKvitai.MES.Tests.E2E.csproj:    <PackageReference Include="xunit" Version="2.6.2" />
tests/LKvitai.MES.Tests.E2E/LKvitai.MES.Tests.E2E.csproj:    <PackageReference Include="xunit.runner.visualstudio" Version="2.5.4" />
tests/LKvitai.MES.Tests.E2E/LKvitai.MES.Tests.E2E.csproj:    <PackageReference Include="FluentAssertions" Version="6.12.0" />
tests/LKvitai.MES.Tests.E2E/LKvitai.MES.Tests.E2E.csproj:    <PackageReference Include="coverlet.collector" Version="6.0.0" />
tests/LKvitai.MES.Tests.Unit/LKvitai.MES.Tests.Unit.csproj:    <PackageReference Include="Microsoft.NET.Test.Sdk" Version="17.8.0" />
tests/LKvitai.MES.Tests.Unit/LKvitai.MES.Tests.Unit.csproj:    <PackageReference Include="xunit" Version="2.6.2" />
tests/LKvitai.MES.Tests.Unit/LKvitai.MES.Tests.Unit.csproj:    <PackageReference Include="xunit.runner.visualstudio" Version="2.5.4" />
tests/LKvitai.MES.Tests.Unit/LKvitai.MES.Tests.Unit.csproj:    <PackageReference Include="FluentAssertions" Version="6.12.0" />
tests/LKvitai.MES.Tests.Unit/LKvitai.MES.Tests.Unit.csproj:    <PackageReference Include="Moq" Version="4.20.70" />
tests/LKvitai.MES.Tests.Unit/LKvitai.MES.Tests.Unit.csproj:    <PackageReference Include="coverlet.collector" Version="6.0.0" />
tests/LKvitai.MES.Tests.Unit/LKvitai.MES.Tests.Unit.csproj:    <PackageReference Include="MassTransit" Version="8.1.3" />
tests/LKvitai.MES.Tests.Unit/LKvitai.MES.Tests.Unit.csproj:    <PackageReference Include="Microsoft.EntityFrameworkCore.InMemory" Version="8.0.0" />
tests/LKvitai.MES.Tests.Integration/LKvitai.MES.Tests.Integration.csproj:    <PackageReference Include="Microsoft.NET.Test.Sdk" Version="17.8.0" />
tests/LKvitai.MES.Tests.Integration/LKvitai.MES.Tests.Integration.csproj:    <PackageReference Include="xunit" Version="2.6.2" />
tests/LKvitai.MES.Tests.Integration/LKvitai.MES.Tests.Integration.csproj:    <PackageReference Include="xunit.runner.visualstudio" Version="2.5.4" />
tests/LKvitai.MES.Tests.Integration/LKvitai.MES.Tests.Integration.csproj:    <PackageReference Include="FluentAssertions" Version="6.12.0" />
tests/LKvitai.MES.Tests.Integration/LKvitai.MES.Tests.Integration.csproj:    <PackageReference Include="Microsoft.EntityFrameworkCore.InMemory" Version="8.0.0" />
tests/LKvitai.MES.Tests.Integration/LKvitai.MES.Tests.Integration.csproj:    <PackageReference Include="Testcontainers.PostgreSql" Version="3.6.0" />
tests/LKvitai.MES.Tests.Integration/LKvitai.MES.Tests.Integration.csproj:    <PackageReference Include="Microsoft.AspNetCore.TestHost" Version="8.0.0" />
tests/LKvitai.MES.Tests.Integration/LKvitai.MES.Tests.Integration.csproj:    <PackageReference Include="coverlet.collector" Version="6.0.0" />
tests/LKvitai.MES.Tests.Integration/LKvitai.MES.Tests.Integration.csproj:    <PackageReference Include="Xunit.SkippableFact" Version="1.5.61" />
tests/LKvitai.MES.Tests.Property/LKvitai.MES.Tests.Property.csproj:    <PackageReference Include="Microsoft.NET.Test.Sdk" Version="17.8.0" />
tests/LKvitai.MES.Tests.Property/LKvitai.MES.Tests.Property.csproj:    <PackageReference Include="xunit" Version="2.6.2" />
tests/LKvitai.MES.Tests.Property/LKvitai.MES.Tests.Property.csproj:    <PackageReference Include="xunit.runner.visualstudio" Version="2.5.4" />
tests/LKvitai.MES.Tests.Property/LKvitai.MES.Tests.Property.csproj:    <PackageReference Include="FsCheck" Version="2.16.6" />
tests/LKvitai.MES.Tests.Property/LKvitai.MES.Tests.Property.csproj:    <PackageReference Include="FsCheck.Xunit" Version="2.16.6" />
tests/LKvitai.MES.Tests.Property/LKvitai.MES.Tests.Property.csproj:    <PackageReference Include="FluentAssertions" Version="6.12.0" />
tests/LKvitai.MES.Tests.Property/LKvitai.MES.Tests.Property.csproj:    <PackageReference Include="coverlet.collector" Version="6.0.0" />
