Command:
dotnet restore src/LKvitai.MES.sln

  Determining projects to restore...
  Restored /Users/bykovas/CodeRepos/clients/lauresta/LKvitai.MES/tests/ArchitectureTests/LKvitai.MES.ArchitectureTests/LKvitai.MES.ArchitectureTests.csproj (in 160 ms).
  Restored /Users/bykovas/CodeRepos/clients/lauresta/LKvitai.MES/src/Modules/Warehouse/LKvitai.MES.Domain/LKvitai.MES.Domain.csproj (in 159 ms).
  Restored /Users/bykovas/CodeRepos/clients/lauresta/LKvitai.MES/tests/LKvitai.MES.Tests.E2E/LKvitai.MES.Tests.E2E.csproj (in 159 ms).
  Restored /Users/bykovas/CodeRepos/clients/lauresta/LKvitai.MES/tests/LKvitai.MES.Tests.Property/LKvitai.MES.Tests.Property.csproj (in 293 ms).
  Restored /Users/bykovas/CodeRepos/clients/lauresta/LKvitai.MES/tests/LKvitai.MES.Tests.Integration/LKvitai.MES.Tests.Integration.csproj (in 316 ms).
  Restored /Users/bykovas/CodeRepos/clients/lauresta/LKvitai.MES/tests/LKvitai.MES.Tests.Unit/LKvitai.MES.Tests.Unit.csproj (in 316 ms).
  9 of 15 projects are up-to-date for restore.

Command:
dotnet build src/LKvitai.MES.sln

MSBuild version 17.10.0-preview-24101-01+07fd5d51f for .NET
  Determining projects to restore...
  All projects are up-to-date for restore.
/usr/local/share/dotnet/sdk/9.0.100-preview.1.24101.2/Sdks/Microsoft.NET.Sdk/targets/Microsoft.NET.RuntimeIdentifierInference.targets(313,5): message NETSDK1057: You are using a preview version of .NET. See: https://aka.ms/dotnet-support-policy [/Users/bykovas/CodeRepos/clients/lauresta/LKvitai.MES/src/LKvitai.MES.Contracts/LKvitai.MES.Contracts.csproj]
/usr/local/share/dotnet/sdk/9.0.100-preview.1.24101.2/Sdks/Microsoft.NET.Sdk/targets/Microsoft.NET.RuntimeIdentifierInference.targets(313,5): message NETSDK1057: You are using a preview version of .NET. See: https://aka.ms/dotnet-support-policy [/Users/bykovas/CodeRepos/clients/lauresta/LKvitai.MES/src/LKvitai.MES.Sagas/LKvitai.MES.Sagas.csproj]
/usr/local/share/dotnet/sdk/9.0.100-preview.1.24101.2/Sdks/Microsoft.NET.Sdk/targets/Microsoft.NET.RuntimeIdentifierInference.targets(313,5): message NETSDK1057: You are using a preview version of .NET. See: https://aka.ms/dotnet-support-policy [/Users/bykovas/CodeRepos/clients/lauresta/LKvitai.MES/src/LKvitai.MES.Integration/LKvitai.MES.Integration.csproj]
/usr/local/share/dotnet/sdk/9.0.100-preview.1.24101.2/Sdks/Microsoft.NET.Sdk/targets/Microsoft.NET.RuntimeIdentifierInference.targets(313,5): message NETSDK1057: You are using a preview version of .NET. See: https://aka.ms/dotnet-support-policy [/Users/bykovas/CodeRepos/clients/lauresta/LKvitai.MES/tests/LKvitai.MES.Tests.Unit/LKvitai.MES.Tests.Unit.csproj]
/usr/local/share/dotnet/sdk/9.0.100-preview.1.24101.2/Sdks/Microsoft.NET.Sdk/targets/Microsoft.NET.RuntimeIdentifierInference.targets(313,5): message NETSDK1057: You are using a preview version of .NET. See: https://aka.ms/dotnet-support-policy [/Users/bykovas/CodeRepos/clients/lauresta/LKvitai.MES/src/LKvitai.MES.SharedKernel/LKvitai.MES.SharedKernel.csproj]
/usr/local/share/dotnet/sdk/9.0.100-preview.1.24101.2/Sdks/Microsoft.NET.Sdk/targets/Microsoft.NET.RuntimeIdentifierInference.targets(313,5): message NETSDK1057: You are using a preview version of .NET. See: https://aka.ms/dotnet-support-policy [/Users/bykovas/CodeRepos/clients/lauresta/LKvitai.MES/src/Modules/Warehouse/LKvitai.MES.Domain/LKvitai.MES.Domain.csproj]
/usr/local/share/dotnet/sdk/9.0.100-preview.1.24101.2/Sdks/Microsoft.NET.Sdk/targets/Microsoft.NET.RuntimeIdentifierInference.targets(313,5): message NETSDK1057: You are using a preview version of .NET. See: https://aka.ms/dotnet-support-policy [/Users/bykovas/CodeRepos/clients/lauresta/LKvitai.MES/src/LKvitai.MES.Application/LKvitai.MES.Application.csproj]
/usr/local/share/dotnet/sdk/9.0.100-preview.1.24101.2/Sdks/Microsoft.NET.Sdk/targets/Microsoft.NET.RuntimeIdentifierInference.targets(313,5): message NETSDK1057: You are using a preview version of .NET. See: https://aka.ms/dotnet-support-policy [/Users/bykovas/CodeRepos/clients/lauresta/LKvitai.MES/src/LKvitai.MES.Projections/LKvitai.MES.Projections.csproj]
/usr/local/share/dotnet/sdk/9.0.100-preview.1.24101.2/Sdks/Microsoft.NET.Sdk/targets/Microsoft.NET.RuntimeIdentifierInference.targets(313,5): message NETSDK1057: You are using a preview version of .NET. See: https://aka.ms/dotnet-support-policy [/Users/bykovas/CodeRepos/clients/lauresta/LKvitai.MES/src/LKvitai.MES.Infrastructure/LKvitai.MES.Infrastructure.csproj]
/usr/local/share/dotnet/sdk/9.0.100-preview.1.24101.2/Sdks/Microsoft.NET.Sdk/targets/Microsoft.NET.RuntimeIdentifierInference.targets(313,5): message NETSDK1057: You are using a preview version of .NET. See: https://aka.ms/dotnet-support-policy [/Users/bykovas/CodeRepos/clients/lauresta/LKvitai.MES/src/LKvitai.MES.Api/LKvitai.MES.Api.csproj]
  LKvitai.MES.SharedKernel -> /Users/bykovas/CodeRepos/clients/lauresta/LKvitai.MES/src/LKvitai.MES.SharedKernel/bin/Debug/net8.0/LKvitai.MES.SharedKernel.dll
  LKvitai.MES.Contracts -> /Users/bykovas/CodeRepos/clients/lauresta/LKvitai.MES/src/LKvitai.MES.Contracts/bin/Debug/net8.0/LKvitai.MES.Contracts.dll
  LKvitai.MES.WebUI -> /Users/bykovas/CodeRepos/clients/lauresta/LKvitai.MES/src/LKvitai.MES.WebUI/bin/Debug/net8.0/LKvitai.MES.WebUI.dll
  LKvitai.MES.Integration -> /Users/bykovas/CodeRepos/clients/lauresta/LKvitai.MES/src/LKvitai.MES.Integration/bin/Debug/net8.0/LKvitai.MES.Integration.dll
  LKvitai.MES.Domain -> /Users/bykovas/CodeRepos/clients/lauresta/LKvitai.MES/src/Modules/Warehouse/LKvitai.MES.Domain/bin/Debug/net8.0/LKvitai.MES.Domain.dll
  LKvitai.MES.ArchitectureTests -> /Users/bykovas/CodeRepos/clients/lauresta/LKvitai.MES/tests/ArchitectureTests/LKvitai.MES.ArchitectureTests/bin/Debug/net8.0/LKvitai.MES.ArchitectureTests.dll
  LKvitai.MES.Tests.E2E -> /Users/bykovas/CodeRepos/clients/lauresta/LKvitai.MES/tests/LKvitai.MES.Tests.E2E/bin/Debug/net8.0/LKvitai.MES.Tests.E2E.dll
  LKvitai.MES.Projections -> /Users/bykovas/CodeRepos/clients/lauresta/LKvitai.MES/src/LKvitai.MES.Projections/bin/Debug/net8.0/LKvitai.MES.Projections.dll
/Users/bykovas/CodeRepos/clients/lauresta/LKvitai.MES/src/LKvitai.MES.Application/Projections/IProjectionRebuildService.cs(26,14): warning CS1573: Parameter 'resetProgress' has no matching param tag in the XML comment for 'IProjectionRebuildService.RebuildProjectionAsync(string, bool, bool, CancellationToken)' (but other parameters do) [/Users/bykovas/CodeRepos/clients/lauresta/LKvitai.MES/src/LKvitai.MES.Application/LKvitai.MES.Application.csproj]
  LKvitai.MES.Application -> /Users/bykovas/CodeRepos/clients/lauresta/LKvitai.MES/src/LKvitai.MES.Application/bin/Debug/net8.0/LKvitai.MES.Application.dll
  LKvitai.MES.Sagas -> /Users/bykovas/CodeRepos/clients/lauresta/LKvitai.MES/src/LKvitai.MES.Sagas/bin/Debug/net8.0/LKvitai.MES.Sagas.dll
  LKvitai.MES.Tests.Property -> /Users/bykovas/CodeRepos/clients/lauresta/LKvitai.MES/tests/LKvitai.MES.Tests.Property/bin/Debug/net8.0/LKvitai.MES.Tests.Property.dll
  LKvitai.MES.Infrastructure -> /Users/bykovas/CodeRepos/clients/lauresta/LKvitai.MES/src/LKvitai.MES.Infrastructure/bin/Debug/net8.0/LKvitai.MES.Infrastructure.dll
  LKvitai.MES.Api -> /Users/bykovas/CodeRepos/clients/lauresta/LKvitai.MES/src/LKvitai.MES.Api/bin/Debug/net8.0/LKvitai.MES.Api.dll
  LKvitai.MES.Tests.Integration -> /Users/bykovas/CodeRepos/clients/lauresta/LKvitai.MES/tests/LKvitai.MES.Tests.Integration/bin/Debug/net8.0/LKvitai.MES.Tests.Integration.dll
  LKvitai.MES.Tests.Unit -> /Users/bykovas/CodeRepos/clients/lauresta/LKvitai.MES/tests/LKvitai.MES.Tests.Unit/bin/Debug/net8.0/LKvitai.MES.Tests.Unit.dll

Build succeeded.

/Users/bykovas/CodeRepos/clients/lauresta/LKvitai.MES/src/LKvitai.MES.Application/Projections/IProjectionRebuildService.cs(26,14): warning CS1573: Parameter 'resetProgress' has no matching param tag in the XML comment for 'IProjectionRebuildService.RebuildProjectionAsync(string, bool, bool, CancellationToken)' (but other parameters do) [/Users/bykovas/CodeRepos/clients/lauresta/LKvitai.MES/src/LKvitai.MES.Application/LKvitai.MES.Application.csproj]
    1 Warning(s)
    0 Error(s)

Time Elapsed 00:00:12.15
