$ rg -n "using Marten" src/LKvitai.MES.Application

$ dotnet restore src/LKvitai.MES.sln
  Determining projects to restore...
  Restored /Users/bykovas/CodeRepos/clients/lauresta/LKvitai.MES/src/LKvitai.MES.Application/LKvitai.MES.Application.csproj (in 285 ms).
  Restored /Users/bykovas/CodeRepos/clients/lauresta/LKvitai.MES/tests/LKvitai.MES.Tests.Property/LKvitai.MES.Tests.Property.csproj (in 317 ms).
  Restored /Users/bykovas/CodeRepos/clients/lauresta/LKvitai.MES/src/LKvitai.MES.Infrastructure/LKvitai.MES.Infrastructure.csproj (in 375 ms).
  Restored /Users/bykovas/CodeRepos/clients/lauresta/LKvitai.MES/src/LKvitai.MES.Api/LKvitai.MES.Api.csproj (in 336 ms).
  Restored /Users/bykovas/CodeRepos/clients/lauresta/LKvitai.MES/tests/LKvitai.MES.Tests.Integration/LKvitai.MES.Tests.Integration.csproj (in 379 ms).
  Restored /Users/bykovas/CodeRepos/clients/lauresta/LKvitai.MES/tests/LKvitai.MES.Tests.Unit/LKvitai.MES.Tests.Unit.csproj (in 379 ms).
  Restored /Users/bykovas/CodeRepos/clients/lauresta/LKvitai.MES/src/LKvitai.MES.Sagas/LKvitai.MES.Sagas.csproj (in 419 ms).
  8 of 15 projects are up-to-date for restore.

$ dotnet build src/LKvitai.MES.sln -c Release
MSBuild version 17.10.0-preview-24101-01+07fd5d51f for .NET
  Determining projects to restore...
  All projects are up-to-date for restore.
/usr/local/share/dotnet/sdk/9.0.100-preview.1.24101.2/Sdks/Microsoft.NET.Sdk/targets/Microsoft.NET.RuntimeIdentifierInference.targets(313,5): message NETSDK1057: You are using a preview version of .NET. See: https://aka.ms/dotnet-support-policy [/Users/bykovas/CodeRepos/clients/lauresta/LKvitai.MES/src/LKvitai.MES.Integration/LKvitai.MES.Integration.csproj]
/usr/local/share/dotnet/sdk/9.0.100-preview.1.24101.2/Sdks/Microsoft.NET.Sdk/targets/Microsoft.NET.RuntimeIdentifierInference.targets(313,5): message NETSDK1057: You are using a preview version of .NET. See: https://aka.ms/dotnet-support-policy [/Users/bykovas/CodeRepos/clients/lauresta/LKvitai.MES/src/LKvitai.MES.Application/LKvitai.MES.Application.csproj]
/usr/local/share/dotnet/sdk/9.0.100-preview.1.24101.2/Sdks/Microsoft.NET.Sdk/targets/Microsoft.NET.RuntimeIdentifierInference.targets(313,5): message NETSDK1057: You are using a preview version of .NET. See: https://aka.ms/dotnet-support-policy [/Users/bykovas/CodeRepos/clients/lauresta/LKvitai.MES/src/LKvitai.MES.SharedKernel/LKvitai.MES.SharedKernel.csproj]
/usr/local/share/dotnet/sdk/9.0.100-preview.1.24101.2/Sdks/Microsoft.NET.Sdk/targets/Microsoft.NET.RuntimeIdentifierInference.targets(313,5): message NETSDK1057: You are using a preview version of .NET. See: https://aka.ms/dotnet-support-policy [/Users/bykovas/CodeRepos/clients/lauresta/LKvitai.MES/src/LKvitai.MES.Projections/LKvitai.MES.Projections.csproj]
/usr/local/share/dotnet/sdk/9.0.100-preview.1.24101.2/Sdks/Microsoft.NET.Sdk/targets/Microsoft.NET.RuntimeIdentifierInference.targets(313,5): message NETSDK1057: You are using a preview version of .NET. See: https://aka.ms/dotnet-support-policy [/Users/bykovas/CodeRepos/clients/lauresta/LKvitai.MES/src/Modules/Warehouse/LKvitai.MES.Domain/LKvitai.MES.Domain.csproj]
/usr/local/share/dotnet/sdk/9.0.100-preview.1.24101.2/Sdks/Microsoft.NET.Sdk/targets/Microsoft.NET.RuntimeIdentifierInference.targets(313,5): message NETSDK1057: You are using a preview version of .NET. See: https://aka.ms/dotnet-support-policy [/Users/bykovas/CodeRepos/clients/lauresta/LKvitai.MES/src/LKvitai.MES.Contracts/LKvitai.MES.Contracts.csproj]
/usr/local/share/dotnet/sdk/9.0.100-preview.1.24101.2/Sdks/Microsoft.NET.Sdk/targets/Microsoft.NET.RuntimeIdentifierInference.targets(313,5): message NETSDK1057: You are using a preview version of .NET. See: https://aka.ms/dotnet-support-policy [/Users/bykovas/CodeRepos/clients/lauresta/LKvitai.MES/src/LKvitai.MES.Infrastructure/LKvitai.MES.Infrastructure.csproj]
/usr/local/share/dotnet/sdk/9.0.100-preview.1.24101.2/Sdks/Microsoft.NET.Sdk/targets/Microsoft.NET.RuntimeIdentifierInference.targets(313,5): message NETSDK1057: You are using a preview version of .NET. See: https://aka.ms/dotnet-support-policy [/Users/bykovas/CodeRepos/clients/lauresta/LKvitai.MES/src/LKvitai.MES.Sagas/LKvitai.MES.Sagas.csproj]
/usr/local/share/dotnet/sdk/9.0.100-preview.1.24101.2/Sdks/Microsoft.NET.Sdk/targets/Microsoft.NET.RuntimeIdentifierInference.targets(313,5): message NETSDK1057: You are using a preview version of .NET. See: https://aka.ms/dotnet-support-policy [/Users/bykovas/CodeRepos/clients/lauresta/LKvitai.MES/tests/LKvitai.MES.Tests.Unit/LKvitai.MES.Tests.Unit.csproj]
/usr/local/share/dotnet/sdk/9.0.100-preview.1.24101.2/Sdks/Microsoft.NET.Sdk/targets/Microsoft.NET.RuntimeIdentifierInference.targets(313,5): message NETSDK1057: You are using a preview version of .NET. See: https://aka.ms/dotnet-support-policy [/Users/bykovas/CodeRepos/clients/lauresta/LKvitai.MES/src/LKvitai.MES.Api/LKvitai.MES.Api.csproj]
  LKvitai.MES.SharedKernel -> /Users/bykovas/CodeRepos/clients/lauresta/LKvitai.MES/src/LKvitai.MES.SharedKernel/bin/Release/net8.0/LKvitai.MES.SharedKernel.dll
  LKvitai.MES.ArchitectureTests -> /Users/bykovas/CodeRepos/clients/lauresta/LKvitai.MES/tests/ArchitectureTests/LKvitai.MES.ArchitectureTests/bin/Release/net8.0/LKvitai.MES.ArchitectureTests.dll
  LKvitai.MES.Tests.E2E -> /Users/bykovas/CodeRepos/clients/lauresta/LKvitai.MES/tests/LKvitai.MES.Tests.E2E/bin/Release/net8.0/LKvitai.MES.Tests.E2E.dll
/Users/bykovas/CodeRepos/clients/lauresta/LKvitai.MES/src/LKvitai.MES.Contracts/Messages/PickStockMessages.cs(5,1): warning CS1587: XML comment is not placed on a valid language element [/Users/bykovas/CodeRepos/clients/lauresta/LKvitai.MES/src/LKvitai.MES.Contracts/LKvitai.MES.Contracts.csproj]
  LKvitai.MES.Contracts -> /Users/bykovas/CodeRepos/clients/lauresta/LKvitai.MES/src/LKvitai.MES.Contracts/bin/Release/net8.0/LKvitai.MES.Contracts.dll
  LKvitai.MES.Domain -> /Users/bykovas/CodeRepos/clients/lauresta/LKvitai.MES/src/Modules/Warehouse/LKvitai.MES.Domain/bin/Release/net8.0/LKvitai.MES.Domain.dll
/Users/bykovas/CodeRepos/clients/lauresta/LKvitai.MES/src/LKvitai.MES.Application/Projections/IProjectionRebuildService.cs(26,14): warning CS1573: Parameter 'resetProgress' has no matching param tag in the XML comment for 'IProjectionRebuildService.RebuildProjectionAsync(string, bool, bool, CancellationToken)' (but other parameters do) [/Users/bykovas/CodeRepos/clients/lauresta/LKvitai.MES/src/LKvitai.MES.Application/LKvitai.MES.Application.csproj]
  LKvitai.MES.Projections -> /Users/bykovas/CodeRepos/clients/lauresta/LKvitai.MES/src/LKvitai.MES.Projections/bin/Release/net8.0/LKvitai.MES.Projections.dll
  LKvitai.MES.Application -> /Users/bykovas/CodeRepos/clients/lauresta/LKvitai.MES/src/LKvitai.MES.Application/bin/Release/net8.0/LKvitai.MES.Application.dll
  LKvitai.MES.Tests.Property -> /Users/bykovas/CodeRepos/clients/lauresta/LKvitai.MES/tests/LKvitai.MES.Tests.Property/bin/Release/net8.0/LKvitai.MES.Tests.Property.dll
  LKvitai.MES.Sagas -> /Users/bykovas/CodeRepos/clients/lauresta/LKvitai.MES/src/LKvitai.MES.Sagas/bin/Release/net8.0/LKvitai.MES.Sagas.dll
  LKvitai.MES.WebUI -> /Users/bykovas/CodeRepos/clients/lauresta/LKvitai.MES/src/LKvitai.MES.WebUI/bin/Release/net8.0/LKvitai.MES.WebUI.dll
/Users/bykovas/CodeRepos/clients/lauresta/LKvitai.MES/src/LKvitai.MES.Integration/LabelPrinting/ILabelPrintingService.cs(7,31): warning CS1570: XML comment has badly formed XML -- 'An identifier was expected.' [/Users/bykovas/CodeRepos/clients/lauresta/LKvitai.MES/src/LKvitai.MES.Integration/LKvitai.MES.Integration.csproj]
/Users/bykovas/CodeRepos/clients/lauresta/LKvitai.MES/src/LKvitai.MES.Integration/LabelPrinting/ILabelPrintingService.cs(7,31): warning CS1570: XML comment has badly formed XML -- 'The character(s) '5' cannot be used at this location.' [/Users/bykovas/CodeRepos/clients/lauresta/LKvitai.MES/src/LKvitai.MES.Integration/LKvitai.MES.Integration.csproj]
  LKvitai.MES.Integration -> /Users/bykovas/CodeRepos/clients/lauresta/LKvitai.MES/src/LKvitai.MES.Integration/bin/Release/net8.0/LKvitai.MES.Integration.dll
  LKvitai.MES.Infrastructure -> /Users/bykovas/CodeRepos/clients/lauresta/LKvitai.MES/src/LKvitai.MES.Infrastructure/bin/Release/net8.0/LKvitai.MES.Infrastructure.dll
  LKvitai.MES.Api -> /Users/bykovas/CodeRepos/clients/lauresta/LKvitai.MES/src/LKvitai.MES.Api/bin/Release/net8.0/LKvitai.MES.Api.dll
  LKvitai.MES.Tests.Integration -> /Users/bykovas/CodeRepos/clients/lauresta/LKvitai.MES/tests/LKvitai.MES.Tests.Integration/bin/Release/net8.0/LKvitai.MES.Tests.Integration.dll
  LKvitai.MES.Tests.Unit -> /Users/bykovas/CodeRepos/clients/lauresta/LKvitai.MES/tests/LKvitai.MES.Tests.Unit/bin/Release/net8.0/LKvitai.MES.Tests.Unit.dll

Build succeeded.

/Users/bykovas/CodeRepos/clients/lauresta/LKvitai.MES/src/LKvitai.MES.Contracts/Messages/PickStockMessages.cs(5,1): warning CS1587: XML comment is not placed on a valid language element [/Users/bykovas/CodeRepos/clients/lauresta/LKvitai.MES/src/LKvitai.MES.Contracts/LKvitai.MES.Contracts.csproj]
/Users/bykovas/CodeRepos/clients/lauresta/LKvitai.MES/src/LKvitai.MES.Application/Projections/IProjectionRebuildService.cs(26,14): warning CS1573: Parameter 'resetProgress' has no matching param tag in the XML comment for 'IProjectionRebuildService.RebuildProjectionAsync(string, bool, bool, CancellationToken)' (but other parameters do) [/Users/bykovas/CodeRepos/clients/lauresta/LKvitai.MES/src/LKvitai.MES.Application/LKvitai.MES.Application.csproj]
/Users/bykovas/CodeRepos/clients/lauresta/LKvitai.MES/src/LKvitai.MES.Integration/LabelPrinting/ILabelPrintingService.cs(7,31): warning CS1570: XML comment has badly formed XML -- 'An identifier was expected.' [/Users/bykovas/CodeRepos/clients/lauresta/LKvitai.MES/src/LKvitai.MES.Integration/LKvitai.MES.Integration.csproj]
/Users/bykovas/CodeRepos/clients/lauresta/LKvitai.MES/src/LKvitai.MES.Integration/LabelPrinting/ILabelPrintingService.cs(7,31): warning CS1570: XML comment has badly formed XML -- 'The character(s) '5' cannot be used at this location.' [/Users/bykovas/CodeRepos/clients/lauresta/LKvitai.MES/src/LKvitai.MES.Integration/LKvitai.MES.Integration.csproj]
    4 Warning(s)
    0 Error(s)

Time Elapsed 00:00:13.44

$ dotnet test src/LKvitai.MES.sln -c Release
  Determining projects to restore...
  All projects are up-to-date for restore.
/usr/local/share/dotnet/sdk/9.0.100-preview.1.24101.2/Sdks/Microsoft.NET.Sdk/targets/Microsoft.NET.RuntimeIdentifierInference.targets(313,5): message NETSDK1057: You are using a preview version of .NET. See: https://aka.ms/dotnet-support-policy [/Users/bykovas/CodeRepos/clients/lauresta/LKvitai.MES/tests/LKvitai.MES.Tests.Unit/LKvitai.MES.Tests.Unit.csproj]
/usr/local/share/dotnet/sdk/9.0.100-preview.1.24101.2/Sdks/Microsoft.NET.Sdk/targets/Microsoft.NET.RuntimeIdentifierInference.targets(313,5): message NETSDK1057: You are using a preview version of .NET. See: https://aka.ms/dotnet-support-policy [/Users/bykovas/CodeRepos/clients/lauresta/LKvitai.MES/tests/LKvitai.MES.Tests.Property/LKvitai.MES.Tests.Property.csproj]
/usr/local/share/dotnet/sdk/9.0.100-preview.1.24101.2/Sdks/Microsoft.NET.Sdk/targets/Microsoft.NET.RuntimeIdentifierInference.targets(313,5): message NETSDK1057: You are using a preview version of .NET. See: https://aka.ms/dotnet-support-policy [/Users/bykovas/CodeRepos/clients/lauresta/LKvitai.MES/tests/LKvitai.MES.Tests.E2E/LKvitai.MES.Tests.E2E.csproj]
/usr/local/share/dotnet/sdk/9.0.100-preview.1.24101.2/Sdks/Microsoft.NET.Sdk/targets/Microsoft.NET.RuntimeIdentifierInference.targets(313,5): message NETSDK1057: You are using a preview version of .NET. See: https://aka.ms/dotnet-support-policy [/Users/bykovas/CodeRepos/clients/lauresta/LKvitai.MES/tests/LKvitai.MES.Tests.Integration/LKvitai.MES.Tests.Integration.csproj]
/usr/local/share/dotnet/sdk/9.0.100-preview.1.24101.2/Sdks/Microsoft.NET.Sdk/targets/Microsoft.NET.RuntimeIdentifierInference.targets(313,5): message NETSDK1057: You are using a preview version of .NET. See: https://aka.ms/dotnet-support-policy [/Users/bykovas/CodeRepos/clients/lauresta/LKvitai.MES/tests/ArchitectureTests/LKvitai.MES.ArchitectureTests/LKvitai.MES.ArchitectureTests.csproj]
/usr/local/share/dotnet/sdk/9.0.100-preview.1.24101.2/Sdks/Microsoft.NET.Sdk/targets/Microsoft.NET.RuntimeIdentifierInference.targets(313,5): message NETSDK1057: You are using a preview version of .NET. See: https://aka.ms/dotnet-support-policy [/Users/bykovas/CodeRepos/clients/lauresta/LKvitai.MES/src/LKvitai.MES.Application/LKvitai.MES.Application.csproj]
/usr/local/share/dotnet/sdk/9.0.100-preview.1.24101.2/Sdks/Microsoft.NET.Sdk/targets/Microsoft.NET.RuntimeIdentifierInference.targets(313,5): message NETSDK1057: You are using a preview version of .NET. See: https://aka.ms/dotnet-support-policy [/Users/bykovas/CodeRepos/clients/lauresta/LKvitai.MES/src/Modules/Warehouse/LKvitai.MES.Domain/LKvitai.MES.Domain.csproj]
  LKvitai.MES.Tests.E2E -> /Users/bykovas/CodeRepos/clients/lauresta/LKvitai.MES/tests/LKvitai.MES.Tests.E2E/bin/Release/net8.0/LKvitai.MES.Tests.E2E.dll
  LKvitai.MES.ArchitectureTests -> /Users/bykovas/CodeRepos/clients/lauresta/LKvitai.MES/tests/ArchitectureTests/LKvitai.MES.ArchitectureTests/bin/Release/net8.0/LKvitai.MES.ArchitectureTests.dll
  LKvitai.MES.SharedKernel -> /Users/bykovas/CodeRepos/clients/lauresta/LKvitai.MES/src/LKvitai.MES.SharedKernel/bin/Release/net8.0/LKvitai.MES.SharedKernel.dll
  LKvitai.MES.Contracts -> /Users/bykovas/CodeRepos/clients/lauresta/LKvitai.MES/src/LKvitai.MES.Contracts/bin/Release/net8.0/LKvitai.MES.Contracts.dll
  LKvitai.MES.Domain -> /Users/bykovas/CodeRepos/clients/lauresta/LKvitai.MES/src/Modules/Warehouse/LKvitai.MES.Domain/bin/Release/net8.0/LKvitai.MES.Domain.dll
  LKvitai.MES.Application -> /Users/bykovas/CodeRepos/clients/lauresta/LKvitai.MES/src/LKvitai.MES.Application/bin/Release/net8.0/LKvitai.MES.Application.dll
  LKvitai.MES.Tests.Property -> /Users/bykovas/CodeRepos/clients/lauresta/LKvitai.MES/tests/LKvitai.MES.Tests.Property/bin/Release/net8.0/LKvitai.MES.Tests.Property.dll
/usr/local/share/dotnet/sdk/9.0.100-preview.1.24101.2/Sdks/Microsoft.NET.Sdk/targets/Microsoft.NET.RuntimeIdentifierInference.targets(313,5): message NETSDK1057: You are using a preview version of .NET. See: https://aka.ms/dotnet-support-policy [/Users/bykovas/CodeRepos/clients/lauresta/LKvitai.MES/src/LKvitai.MES.Sagas/LKvitai.MES.Sagas.csproj]
/usr/local/share/dotnet/sdk/9.0.100-preview.1.24101.2/Sdks/Microsoft.NET.Sdk/targets/Microsoft.NET.RuntimeIdentifierInference.targets(313,5): message NETSDK1057: You are using a preview version of .NET. See: https://aka.ms/dotnet-support-policy [/Users/bykovas/CodeRepos/clients/lauresta/LKvitai.MES/src/LKvitai.MES.Infrastructure/LKvitai.MES.Infrastructure.csproj]
/usr/local/share/dotnet/sdk/9.0.100-preview.1.24101.2/Sdks/Microsoft.NET.Sdk/targets/Microsoft.NET.RuntimeIdentifierInference.targets(313,5): message NETSDK1057: You are using a preview version of .NET. See: https://aka.ms/dotnet-support-policy [/Users/bykovas/CodeRepos/clients/lauresta/LKvitai.MES/src/LKvitai.MES.Api/LKvitai.MES.Api.csproj]
  LKvitai.MES.WebUI -> /Users/bykovas/CodeRepos/clients/lauresta/LKvitai.MES/src/LKvitai.MES.WebUI/bin/Release/net8.0/LKvitai.MES.WebUI.dll
  LKvitai.MES.Integration -> /Users/bykovas/CodeRepos/clients/lauresta/LKvitai.MES/src/LKvitai.MES.Integration/bin/Release/net8.0/LKvitai.MES.Integration.dll
  LKvitai.MES.Projections -> /Users/bykovas/CodeRepos/clients/lauresta/LKvitai.MES/src/LKvitai.MES.Projections/bin/Release/net8.0/LKvitai.MES.Projections.dll
  LKvitai.MES.Sagas -> /Users/bykovas/CodeRepos/clients/lauresta/LKvitai.MES/src/LKvitai.MES.Sagas/bin/Release/net8.0/LKvitai.MES.Sagas.dll
  LKvitai.MES.Infrastructure -> /Users/bykovas/CodeRepos/clients/lauresta/LKvitai.MES/src/LKvitai.MES.Infrastructure/bin/Release/net8.0/LKvitai.MES.Infrastructure.dll
  LKvitai.MES.Api -> /Users/bykovas/CodeRepos/clients/lauresta/LKvitai.MES/src/LKvitai.MES.Api/bin/Release/net8.0/LKvitai.MES.Api.dll
  LKvitai.MES.Tests.Integration -> /Users/bykovas/CodeRepos/clients/lauresta/LKvitai.MES/tests/LKvitai.MES.Tests.Integration/bin/Release/net8.0/LKvitai.MES.Tests.Integration.dll
  LKvitai.MES.Tests.Unit -> /Users/bykovas/CodeRepos/clients/lauresta/LKvitai.MES/tests/LKvitai.MES.Tests.Unit/bin/Release/net8.0/LKvitai.MES.Tests.Unit.dll
